[INFO] Scanning for projects...
[INFO] 
[INFO] -------------------------< com.nexus:backend >--------------------------
[INFO] Building backend 0.0.1-SNAPSHOT
[INFO]   from pom.xml
[INFO] --------------------------------[ jar ]---------------------------------
[INFO] 
[INFO] >>> spring-boot:3.2.3:run (default-cli) > test-compile @ backend >>>
[INFO] 
[INFO] --- resources:3.3.1:resources (default-resources) @ backend ---
[INFO] Copying 1 resource from src\main\resources to target\classes
[INFO] Copying 0 resource from src\main\resources to target\classes
[INFO] 
[INFO] --- compiler:3.11.0:compile (default-compile) @ backend ---
[INFO] Nothing to compile - all classes are up to date
[INFO] 
[INFO] --- resources:3.3.1:testResources (default-testResources) @ backend ---
[INFO] skip non existing resourceDirectory C:\Users\Dell\full stack project\backend\src\test\resources
[INFO] 
[INFO] --- compiler:3.11.0:testCompile (default-testCompile) @ backend ---
[INFO] No sources to compile
[INFO] 
[INFO] <<< spring-boot:3.2.3:run (default-cli) < test-compile @ backend <<<
[INFO] 
[INFO] 
[INFO] --- spring-boot:3.2.3:run (default-cli) @ backend ---
[INFO] Attaching agents: []

  .   ____          _            __ _ _
 /\\ / ___'_ __ _ _(_)_ __  __ _ \ \ \ \
( ( )\___ | '_ | '_| | '_ \/ _` | \ \ \ \
 \\/  ___)| |_)| | | | | || (_| |  ) ) ) )
  '  |____| .__|_| |_|_| |_\__, | / / / /
 =========|_|==============|___/=/_/_/_/
 :: Spring Boot ::                (v3.2.3)

2026-04-02T10:53:02.981+05:30  INFO 22120 --- [backend] [           main] com.nexus.backend.BackendApplication     : Starting BackendApplication using Java 17.0.17 with PID 22120 (C:\Users\Dell\full stack project\backend\target\classes started by Dell in C:\Users\Dell\full stack project\backend)
2026-04-02T10:53:02.989+05:30  INFO 22120 --- [backend] [           main] com.nexus.backend.BackendApplication     : No active profile set, falling back to 1 default profile: "default"
2026-04-02T10:53:04.738+05:30  INFO 22120 --- [backend] [           main] .s.d.r.c.RepositoryConfigurationDelegate : Bootstrapping Spring Data JPA repositories in DEFAULT mode.
2026-04-02T10:53:04.872+05:30  INFO 22120 --- [backend] [           main] .s.d.r.c.RepositoryConfigurationDelegate : Finished Spring Data repository scanning in 114 ms. Found 4 JPA repository interfaces.
2026-04-02T10:53:06.192+05:30  INFO 22120 --- [backend] [           main] o.s.b.w.embedded.tomcat.TomcatWebServer  : Tomcat initialized with port 8080 (http)
2026-04-02T10:53:06.213+05:30  INFO 22120 --- [backend] [           main] o.apache.catalina.core.StandardService   : Starting service [Tomcat]
2026-04-02T10:53:06.213+05:30  INFO 22120 --- [backend] [           main] o.apache.catalina.core.StandardEngine    : Starting Servlet engine: [Apache Tomcat/10.1.19]
2026-04-02T10:53:06.333+05:30  INFO 22120 --- [backend] [           main] o.a.c.c.C.[Tomcat].[localhost].[/]       : Initializing Spring embedded WebApplicationContext
2026-04-02T10:53:06.336+05:30  INFO 22120 --- [backend] [           main] w.s.c.ServletWebServerApplicationContext : Root WebApplicationContext: initialization completed in 3204 ms
2026-04-02T10:53:06.660+05:30  INFO 22120 --- [backend] [           main] o.hibernate.jpa.internal.util.LogHelper  : HHH000204: Processing PersistenceUnitInfo [name: default]
2026-04-02T10:53:06.765+05:30  INFO 22120 --- [backend] [           main] org.hibernate.Version                    : HHH000412: Hibernate ORM core version 6.4.4.Final
2026-04-02T10:53:06.830+05:30  INFO 22120 --- [backend] [           main] o.h.c.internal.RegionFactoryInitiator    : HHH000026: Second-level cache disabled
2026-04-02T10:53:07.303+05:30  INFO 22120 --- [backend] [           main] o.s.o.j.p.SpringPersistenceUnitInfo      : No LoadTimeWeaver setup: ignoring JPA class transformer
2026-04-02T10:53:07.341+05:30  INFO 22120 --- [backend] [           main] com.zaxxer.hikari.HikariDataSource       : HikariPool-1 - Starting...
2026-04-02T10:53:07.676+05:30  INFO 22120 --- [backend] [           main] com.zaxxer.hikari.pool.HikariPool        : HikariPool-1 - Added connection com.mysql.cj.jdbc.ConnectionImpl@22da200e
2026-04-02T10:53:07.680+05:30  INFO 22120 --- [backend] [           main] com.zaxxer.hikari.HikariDataSource       : HikariPool-1 - Start completed.
2026-04-02T10:53:07.783+05:30  WARN 22120 --- [backend] [           main] org.hibernate.orm.deprecation            : HHH90000025: MySQLDialect does not need to be specified explicitly using 'hibernate.dialect' (remove the property setting and it will be selected by default)
2026-04-02T10:53:09.672+05:30  INFO 22120 --- [backend] [           main] o.h.e.t.j.p.i.JtaPlatformInitiator       : HHH000489: No JTA platform available (set 'hibernate.transaction.jta.platform' to enable JTA platform integration)
2026-04-02T10:53:09.855+05:30  INFO 22120 --- [backend] [           main] j.LocalContainerEntityManagerFactoryBean : Initialized JPA EntityManagerFactory for persistence unit 'default'
2026-04-02T10:53:10.471+05:30  WARN 22120 --- [backend] [           main] JpaBaseConfiguration$JpaWebConfiguration : spring.jpa.open-in-view is enabled by default. Therefore, database queries may be performed during view rendering. Explicitly configure spring.jpa.open-in-view to disable this warning
2026-04-02T10:53:10.493+05:30  WARN 22120 --- [backend] [           main] .s.s.UserDetailsServiceAutoConfiguration : 

Using generated security password: ee1169fc-8c29-4ee4-8436-b904983bbd1f

This generated password is for development use only. Your security configuration must be updated before running your application in production.

2026-04-02T10:53:10.940+05:30  INFO 22120 --- [backend] [           main] o.s.s.web.DefaultSecurityFilterChain     : Will secure any request with [org.springframework.security.web.session.DisableEncodeUrlFilter@1002f859, org.springframework.security.web.context.request.async.WebAsyncManagerIntegrationFilter@67cd193d, org.springframework.security.web.context.SecurityContextHolderFilter@eda7dd3, org.springframework.security.web.header.HeaderWriterFilter@543a7605, org.springframework.web.filter.CorsFilter@34525143, org.springframework.security.web.authentication.logout.LogoutFilter@74ed3be4, org.springframework.security.web.savedrequest.RequestCacheAwareFilter@71c69628, org.springframework.security.web.servletapi.SecurityContextHolderAwareRequestFilter@4dc16fc9, org.springframework.security.web.authentication.AnonymousAuthenticationFilter@126e2710, org.springframework.security.web.access.ExceptionTranslationFilter@69e736bf, org.springframework.security.web.access.intercept.AuthorizationFilter@5aa5b3af]
2026-04-02T10:53:11.318+05:30  WARN 22120 --- [backend] [           main] ConfigServletWebServerApplicationContext : Exception encountered during context initialization - cancelling refresh attempt: org.springframework.context.ApplicationContextException: Failed to start bean 'webServerStartStop'
2026-04-02T10:53:11.321+05:30  INFO 22120 --- [backend] [           main] j.LocalContainerEntityManagerFactoryBean : Closing JPA EntityManagerFactory for persistence unit 'default'
2026-04-02T10:53:11.324+05:30  INFO 22120 --- [backend] [           main] com.zaxxer.hikari.HikariDataSource       : HikariPool-1 - Shutdown initiated...
2026-04-02T10:53:11.338+05:30  INFO 22120 --- [backend] [           main] com.zaxxer.hikari.HikariDataSource       : HikariPool-1 - Shutdown completed.
2026-04-02T10:53:11.360+05:30  INFO 22120 --- [backend] [           main] .s.b.a.l.ConditionEvaluationReportLogger : 

Error starting ApplicationContext. To display the condition evaluation report re-run your application with 'debug' enabled.
2026-04-02T10:53:11.393+05:30 ERROR 22120 --- [backend] [           main] o.s.b.d.LoggingFailureAnalysisReporter   : 

***************************
APPLICATION FAILED TO START
***************************

Description:

Web server failed to start. Port 8080 was already in use.

Action:

Identify and stop the process that's listening on port 8080 or configure this application to listen on another port.

[INFO] ------------------------------------------------------------------------
[INFO] BUILD FAILURE
[INFO] ------------------------------------------------------------------------
[INFO] Total time:  14.223 s
[INFO] Finished at: 2026-04-02T10:53:11+05:30
[INFO] ------------------------------------------------------------------------
[ERROR] Failed to execute goal org.springframework.boot:spring-boot-maven-plugin:3.2.3:run (default-cli) on project backend: Process terminated with exit code: 1 -> [Help 1]
[ERROR] 
[ERROR] To see the full stack trace of the errors, re-run Maven with the -e switch.
[ERROR] Re-run Maven using the -X switch to enable full debug logging.
[ERROR] 
[ERROR] For more information about the errors and possible solutions, please read the following articles:
[ERROR] [Help 1] http://cwiki.apache.org/confluence/display/MAVEN/MojoExecutionException
