[INFO] Scanning for projects...
[INFO] 
[INFO] -------------------------< com.nexus:backend >--------------------------
[INFO] Building backend 0.0.1-SNAPSHOT
[INFO]   from pom.xml
[INFO] --------------------------------[ jar ]---------------------------------
[INFO] 
[INFO] >>> spring-boot:3.2.3:run (default-cli) > test-compile @ backend >>>
[INFO] 
[INFO] --- resources:3.3.1:resources (default-resources) @ backend ---
[INFO] Copying 1 resource from src\main\resources to target\classes
[INFO] Copying 0 resource from src\main\resources to target\classes
[INFO] 
[INFO] --- compiler:3.11.0:compile (default-compile) @ backend ---
[INFO] Nothing to compile - all classes are up to date
[INFO] 
[INFO] --- resources:3.3.1:testResources (default-testResources) @ backend ---
[INFO] skip non existing resourceDirectory C:\Users\Dell\full stack project\backend\src\test\resources
[INFO] 
[INFO] --- compiler:3.11.0:testCompile (default-testCompile) @ backend ---
[INFO] No sources to compile
[INFO] 
[INFO] <<< spring-boot:3.2.3:run (default-cli) < test-compile @ backend <<<
[INFO] 
[INFO] 
[INFO] --- spring-boot:3.2.3:run (default-cli) @ backend ---
[INFO] Attaching agents: []

  .   ____          _            __ _ _
 /\\ / ___'_ __ _ _(_)_ __  __ _ \ \ \ \
( ( )\___ | '_ | '_| | '_ \/ _` | \ \ \ \
 \\/  ___)| |_)| | | | | || (_| |  ) ) ) )
  '  |____| .__|_| |_|_| |_\__, | / / / /
 =========|_|==============|___/=/_/_/_/
 :: Spring Boot ::                (v3.2.3)

2026-04-08T07:39:49.617+05:30  INFO 13044 --- [backend] [           main] com.nexus.backend.BackendApplication     : Starting BackendApplication using Java 17.0.17 with PID 13044 (C:\Users\Dell\full stack project\backend\target\classes started by Dell in C:\Users\Dell\full stack project\backend)
2026-04-08T07:39:49.620+05:30  INFO 13044 --- [backend] [           main] com.nexus.backend.BackendApplication     : No active profile set, falling back to 1 default profile: "default"
2026-04-08T07:39:50.398+05:30  INFO 13044 --- [backend] [           main] .s.d.r.c.RepositoryConfigurationDelegate : Bootstrapping Spring Data JPA repositories in DEFAULT mode.
2026-04-08T07:39:50.500+05:30  INFO 13044 --- [backend] [           main] .s.d.r.c.RepositoryConfigurationDelegate : Finished Spring Data repository scanning in 84 ms. Found 4 JPA repository interfaces.
2026-04-08T07:39:51.222+05:30  INFO 13044 --- [backend] [           main] o.s.b.w.embedded.tomcat.TomcatWebServer  : Tomcat initialized with port 8088 (http)
2026-04-08T07:39:51.235+05:30  INFO 13044 --- [backend] [           main] o.apache.catalina.core.StandardService   : Starting service [Tomcat]
2026-04-08T07:39:51.235+05:30  INFO 13044 --- [backend] [           main] o.apache.catalina.core.StandardEngine    : Starting Servlet engine: [Apache Tomcat/10.1.19]
2026-04-08T07:39:51.298+05:30  INFO 13044 --- [backend] [           main] o.a.c.c.C.[Tomcat].[localhost].[/]       : Initializing Spring embedded WebApplicationContext
2026-04-08T07:39:51.308+05:30  INFO 13044 --- [backend] [           main] w.s.c.ServletWebServerApplicationContext : Root WebApplicationContext: initialization completed in 1618 ms
2026-04-08T07:39:51.458+05:30  INFO 13044 --- [backend] [           main] o.hibernate.jpa.internal.util.LogHelper  : HHH000204: Processing PersistenceUnitInfo [name: default]
2026-04-08T07:39:51.511+05:30  INFO 13044 --- [backend] [           main] org.hibernate.Version                    : HHH000412: Hibernate ORM core version 6.4.4.Final
2026-04-08T07:39:51.548+05:30  INFO 13044 --- [backend] [           main] o.h.c.internal.RegionFactoryInitiator    : HHH000026: Second-level cache disabled
2026-04-08T07:39:51.834+05:30  INFO 13044 --- [backend] [           main] o.s.o.j.p.SpringPersistenceUnitInfo      : No LoadTimeWeaver setup: ignoring JPA class transformer
2026-04-08T07:39:51.874+05:30  INFO 13044 --- [backend] [           main] com.zaxxer.hikari.HikariDataSource       : HikariPool-1 - Starting...
2026-04-08T07:39:52.102+05:30  INFO 13044 --- [backend] [           main] com.zaxxer.hikari.pool.HikariPool        : HikariPool-1 - Added connection com.mysql.cj.jdbc.ConnectionImpl@2eebce87
2026-04-08T07:39:52.102+05:30  INFO 13044 --- [backend] [           main] com.zaxxer.hikari.HikariDataSource       : HikariPool-1 - Start completed.
2026-04-08T07:39:52.158+05:30  WARN 13044 --- [backend] [           main] org.hibernate.orm.deprecation            : HHH90000025: MySQLDialect does not need to be specified explicitly using 'hibernate.dialect' (remove the property setting and it will be selected by default)
2026-04-08T07:39:53.258+05:30  INFO 13044 --- [backend] [           main] o.h.e.t.j.p.i.JtaPlatformInitiator       : HHH000489: No JTA platform available (set 'hibernate.transaction.jta.platform' to enable JTA platform integration)
2026-04-08T07:39:53.356+05:30  INFO 13044 --- [backend] [           main] j.LocalContainerEntityManagerFactoryBean : Initialized JPA EntityManagerFactory for persistence unit 'default'
2026-04-08T07:39:53.817+05:30  WARN 13044 --- [backend] [           main] JpaBaseConfiguration$JpaWebConfiguration : spring.jpa.open-in-view is enabled by default. Therefore, database queries may be performed during view rendering. Explicitly configure spring.jpa.open-in-view to disable this warning
2026-04-08T07:39:53.835+05:30  WARN 13044 --- [backend] [           main] .s.s.UserDetailsServiceAutoConfiguration : 

Using generated security password: 9abfc801-0146-44ea-a01a-6043d001cc91

This generated password is for development use only. Your security configuration must be updated before running your application in production.

2026-04-08T07:39:54.176+05:30  INFO 13044 --- [backend] [           main] o.s.s.web.DefaultSecurityFilterChain     : Will secure any request with [org.springframework.security.web.session.DisableEncodeUrlFilter@5687ade6, org.springframework.security.web.context.request.async.WebAsyncManagerIntegrationFilter@7621c3f7, org.springframework.security.web.context.SecurityContextHolderFilter@15a591d9, org.springframework.security.web.header.HeaderWriterFilter@542aec6, org.springframework.web.filter.CorsFilter@519a81dd, org.springframework.security.web.authentication.logout.LogoutFilter@43414b88, org.springframework.security.web.savedrequest.RequestCacheAwareFilter@71e9640, org.springframework.security.web.servletapi.SecurityContextHolderAwareRequestFilter@1ce45e18, org.springframework.security.web.authentication.AnonymousAuthenticationFilter@5608e254, org.springframework.security.web.access.ExceptionTranslationFilter@7307ae6, org.springframework.security.web.access.intercept.AuthorizationFilter@1f57fa23]
2026-04-08T07:39:54.428+05:30  INFO 13044 --- [backend] [           main] o.s.b.w.embedded.tomcat.TomcatWebServer  : Tomcat started on port 8088 (http) with context path ''
2026-04-08T07:39:54.445+05:30  INFO 13044 --- [backend] [           main] com.nexus.backend.BackendApplication     : Started BackendApplication in 5.267 seconds (process running for 5.668)
Hibernate: 
    select
        count(*) 
    from
        activities a1_0
Hibernate: 
    select
        count(*) 
    from
        events e1_0
Hibernate: 
    select
        count(*) 
    from
        notifications n1_0
Hibernate: 
    select
        count(*) 
    from
        users u1_0
2026-04-08T07:40:42.904+05:30  INFO 13044 --- [backend] [nio-8088-exec-1] o.a.c.c.C.[Tomcat].[localhost].[/]       : Initializing Spring DispatcherServlet 'dispatcherServlet'
2026-04-08T07:40:42.904+05:30  INFO 13044 --- [backend] [nio-8088-exec-1] o.s.web.servlet.DispatcherServlet        : Initializing Servlet 'dispatcherServlet'
2026-04-08T07:40:42.906+05:30  INFO 13044 --- [backend] [nio-8088-exec-1] o.s.web.servlet.DispatcherServlet        : Completed initialization in 2 ms
